<?xml version="1.0" encoding="UTF-8"?>
<!-- Generated by org.testng.reporters.JUnitXMLReporter -->
<testsuite ignored="0" hostname="Navin" failures="1" tests="2" name="Test" time="12.125" errors="0" timestamp="2024-08-22T01:20:32 IST">
  <testcase classname="com.Interview_Assessment.runner.CucumberRunner" name="scenario" time="4.856">
    <failure type="java.lang.AssertionError" message="The following asserts failed:
	expected [true] but found [false]">
      <![CDATA[java.lang.AssertionError: The following asserts failed:
expected [true] but found [false]
at com.Interview_Assessment.pages.HomePage.verifyFeedLocation(HomePage.java:68)
at com.Interview_Assessment.stepDefinitions.StepDefinitions.user_verify_the_location_mapped_to_these_contents_is_either_or_or(StepDefinitions.java:29)
at ✽.User verify the location mapped to these contents is either "Anna Nagar" or "Mylapore" or "T Nagar"(file:///D:/Navin_Workspace/Interview_Assessment/./src/test/resources/com/features/FeatureFiles/Kynhood_home.feature:7)
... Removed 2 stack frames]]>
    </failure>
  </testcase> <!-- scenario -->
  <testcase classname="com.Interview_Assessment.runner.CucumberRunner" name="scenario" time="4.823"/>
</testsuite> <!-- Test -->
