<?xml version="1.0" encoding="UTF-8"?>
<!-- Generated by org.testng.reporters.JUnitReportReporter -->
<testsuite hostname="Navin" failures="1" tests="2" name="com.Interview_Assessment.runner.CucumberRunner" time="12.655" errors="0" timestamp="2024-08-12T20:49:09 IST" skipped="0">
  <testcase classname="com.Interview_Assessment.runner.CucumberRunner" name="scenario" time="6.336">
    <failure message="expected [true] but found [false]" type="java.lang.AssertionError">
      <![CDATA[java.lang.AssertionError: expected [true] but found [false]
at org.testng.Assert.fail(Assert.java:99)
at org.testng.Assert.failNotEquals(Assert.java:1037)
at org.testng.Assert.assertTrue(Assert.java:45)
at org.testng.Assert.assertTrue(Assert.java:55)
at com.Interview_Assessment.pages.HomePage.verifyFeedLocation(HomePage.java:54)
at com.Interview_Assessment.stepDefinitions.StepDefinitions.user_verify_the_location_mapped_to_these_contents_is_either_or_or(StepDefinitions.java:29)
at ✽.User verify the location mapped to these contents is either "Anna Nagar" or "Mylapore" or "T Nagar"(file:///D:/Navin_Workspace/Interview_Assessment/./src/test/resources/com/features/FeatureFiles/Kynhood_home.feature:7)
]]>
    </failure>
  </testcase> <!-- scenario -->
  <system-out/>
  <testcase classname="com.Interview_Assessment.runner.CucumberRunner" name="scenario" time="6.319"/>
  <system-out/>
</testsuite> <!-- com.Interview_Assessment.runner.CucumberRunner -->
